This is pdfTeX, Version 3.14159265-2.6-1.40.19 (MiKTeX 2.9.6630 64-bit) (preloaded format=pdflatex 2018.5.3)  5 JUN 2018 21:18
entering extended mode
**./see_report_new.tex
(see_report_new.tex
LaTeX2e <2017-04-15>
Babel <3.18> and hyphenation patterns for 75 language(s) loaded.
("C:\Users\mihir\AppData\Local\Programs\MiKTeX 2.9\tex\latex\base\article.cls"
Document Class: article 2014/09/29 v1.4h Standard LaTeX document class
("C:\Users\mihir\AppData\Local\Programs\MiKTeX 2.9\tex\latex\base\size11.clo"
File: size11.clo 2014/09/29 v1.4h Standard LaTeX file (size option)
)
\c@part=\count79
\c@section=\count80
\c@subsection=\count81
\c@subsubsection=\count82
\c@paragraph=\count83
\c@subparagraph=\count84
\c@figure=\count85
\c@table=\count86
\abovecaptionskip=\skip41
\belowcaptionskip=\skip42
\bibindent=\dimen102
)
("C:\Users\mihir\AppData\Local\Programs\MiKTeX 2.9\tex\latex\graphics\graphicx.
sty"
Package: graphicx 2017/06/01 v1.1a Enhanced LaTeX Graphics (DPC,SPQR)

("C:\Users\mihir\AppData\Local\Programs\MiKTeX 2.9\tex\latex\graphics\keyval.st
y"
Package: keyval 2014/10/28 v1.15 key=value parser (DPC)
\KV@toks@=\toks14
)
("C:\Users\mihir\AppData\Local\Programs\MiKTeX 2.9\tex\latex\graphics\graphics.
sty"
Package: graphics 2017/06/25 v1.2c Standard LaTeX Graphics (DPC,SPQR)

("C:\Users\mihir\AppData\Local\Programs\MiKTeX 2.9\tex\latex\graphics\trig.sty"
Package: trig 2016/01/03 v1.10 sin cos tan (DPC)
)
("C:\Users\mihir\AppData\Local\Programs\MiKTeX 2.9\tex\latex\graphics-cfg\graph
ics.cfg"
File: graphics.cfg 2016/06/04 v1.11 sample graphics configuration
)
Package graphics Info: Driver file: pdftex.def on input line 99.

("C:\Users\mihir\AppData\Local\Programs\MiKTeX 2.9\tex\latex\graphics-def\pdfte
x.def"
File: pdftex.def 2018/01/08 v1.0l Graphics/color driver for pdftex
))
\Gin@req@height=\dimen103
\Gin@req@width=\dimen104
)
("C:\Users\mihir\AppData\Local\Programs\MiKTeX 2.9\tex\latex\float\float.sty"
Package: float 2001/11/08 v1.3d Float enhancements (AL)
\c@float@type=\count87
\float@exts=\toks15
\float@box=\box26
\@float@everytoks=\toks16
\@floatcapt=\box27
)
("C:\Users\mihir\AppData\Local\Programs\MiKTeX 2.9\tex\latex\graphics\color.sty
"
Package: color 2016/07/10 v1.1e Standard LaTeX Color (DPC)

("C:\Users\mihir\AppData\Local\Programs\MiKTeX 2.9\tex\latex\graphics-cfg\color
.cfg"
File: color.cfg 2016/01/02 v1.6 sample color configuration
)
Package color Info: Driver file: pdftex.def on input line 147.
)
("C:\Users\mihir\AppData\Local\Programs\MiKTeX 2.9\tex\latex\listings\listings.
sty"
\lst@mode=\count88
\lst@gtempboxa=\box28
\lst@token=\toks17
\lst@length=\count89
\lst@currlwidth=\dimen105
\lst@column=\count90
\lst@pos=\count91
\lst@lostspace=\dimen106
\lst@width=\dimen107
\lst@newlines=\count92
\lst@lineno=\count93
\lst@maxwidth=\dimen108

("C:\Users\mihir\AppData\Local\Programs\MiKTeX 2.9\tex\latex\listings\lstmisc.s
ty"
File: lstmisc.sty 2015/06/04 1.6 (Carsten Heinz)
\c@lstnumber=\count94
\lst@skipnumbers=\count95
\lst@framebox=\box29
)
("C:\Users\mihir\AppData\Local\Programs\MiKTeX 2.9\tex\latex\listings\listings.
cfg"
File: listings.cfg 2015/06/04 1.6 listings configuration
))
Package: listings 2015/06/04 1.6 (Carsten Heinz)

("C:\Users\mihir\AppData\Local\Programs\MiKTeX 2.9\tex\latex\hyperref\hyperref.
sty"
Package: hyperref 2018/02/06 v6.86b Hypertext links for LaTeX

("C:\Users\mihir\AppData\Local\Programs\MiKTeX 2.9\tex\generic\oberdiek\hobsub-
hyperref.sty"
Package: hobsub-hyperref 2016/05/16 v1.14 Bundle oberdiek, subset hyperref (HO)


("C:\Users\mihir\AppData\Local\Programs\MiKTeX 2.9\tex\generic\oberdiek\hobsub-
generic.sty"
Package: hobsub-generic 2016/05/16 v1.14 Bundle oberdiek, subset generic (HO)
Package: hobsub 2016/05/16 v1.14 Construct package bundles (HO)
Package: infwarerr 2016/05/16 v1.4 Providing info/warning/error messages (HO)
Package: ltxcmds 2016/05/16 v1.23 LaTeX kernel commands for general use (HO)
Package: ifluatex 2016/05/16 v1.4 Provides the ifluatex switch (HO)
Package ifluatex Info: LuaTeX not detected.
Package: ifvtex 2016/05/16 v1.6 Detect VTeX and its facilities (HO)
Package ifvtex Info: VTeX not detected.
Package: intcalc 2016/05/16 v1.2 Expandable calculations with integers (HO)
Package: ifpdf 2017/03/15 v3.2 Provides the ifpdf switch
Package: etexcmds 2016/05/16 v1.6 Avoid name clashes with e-TeX commands (HO)
Package etexcmds Info: Could not find \expanded.
(etexcmds)             That can mean that you are not using pdfTeX 1.50 or
(etexcmds)             that some package has redefined \expanded.
(etexcmds)             In the latter case, load this package earlier.
Package: kvsetkeys 2016/05/16 v1.17 Key value parser (HO)
Package: kvdefinekeys 2016/05/16 v1.4 Define keys (HO)
Package: pdftexcmds 2018/01/21 v0.26 Utility functions of pdfTeX for LuaTeX (HO
)
Package pdftexcmds Info: LuaTeX not detected.
Package pdftexcmds Info: \pdf@primitive is available.
Package pdftexcmds Info: \pdf@ifprimitive is available.
Package pdftexcmds Info: \pdfdraftmode found.
Package: pdfescape 2016/05/16 v1.14 Implements pdfTeX's escape features (HO)
Package: bigintcalc 2016/05/16 v1.4 Expandable calculations on big integers (HO
)
Package: bitset 2016/05/16 v1.2 Handle bit-vector datatype (HO)
Package: uniquecounter 2016/05/16 v1.3 Provide unlimited unique counter (HO)
)
Package hobsub Info: Skipping package `hobsub' (already loaded).
Package: letltxmacro 2016/05/16 v1.5 Let assignment for LaTeX macros (HO)
Package: hopatch 2016/05/16 v1.3 Wrapper for package hooks (HO)
Package: xcolor-patch 2016/05/16 xcolor patch
Package: atveryend 2016/05/16 v1.9 Hooks at the very end of document (HO)
Package atveryend Info: \enddocument detected (standard20110627).
Package: atbegshi 2016/06/09 v1.18 At begin shipout hook (HO)
Package: refcount 2016/05/16 v3.5 Data extraction from label references (HO)
Package: hycolor 2016/05/16 v1.8 Color options for hyperref/bookmark (HO)
)
("C:\Users\mihir\AppData\Local\Programs\MiKTeX 2.9\tex\generic\ifxetex\ifxetex.
sty"
Package: ifxetex 2010/09/12 v0.6 Provides ifxetex conditional
)
("C:\Users\mihir\AppData\Local\Programs\MiKTeX 2.9\tex\latex\oberdiek\auxhook.s
ty"
Package: auxhook 2016/05/16 v1.4 Hooks for auxiliary files (HO)
)
("C:\Users\mihir\AppData\Local\Programs\MiKTeX 2.9\tex\latex\oberdiek\kvoptions
.sty"
Package: kvoptions 2016/05/16 v3.12 Key value format for package options (HO)
)
\@linkdim=\dimen109
\Hy@linkcounter=\count96
\Hy@pagecounter=\count97

("C:\Users\mihir\AppData\Local\Programs\MiKTeX 2.9\tex\latex\hyperref\pd1enc.de
f"
File: pd1enc.def 2018/02/06 v6.86b Hyperref: PDFDocEncoding definition (HO)
)
\Hy@SavedSpaceFactor=\count98

("C:\Users\mihir\AppData\Local\Programs\MiKTeX 2.9\tex\latex\00miktex\hyperref.
cfg"
File: hyperref.cfg 2002/06/06 v1.2 hyperref configuration of TeXLive
)
Package hyperref Info: Hyper figures OFF on input line 4509.
Package hyperref Info: Link nesting OFF on input line 4514.
Package hyperref Info: Hyper index ON on input line 4517.
Package hyperref Info: Plain pages OFF on input line 4524.
Package hyperref Info: Backreferencing OFF on input line 4529.
Package hyperref Info: Implicit mode ON; LaTeX internals redefined.
Package hyperref Info: Bookmarks ON on input line 4762.
\c@Hy@tempcnt=\count99
 ("C:\Users\mihir\AppData\Local\Programs\MiKTeX 2.9\tex\latex\url\url.sty"
\Urlmuskip=\muskip10
Package: url 2013/09/16  ver 3.4  Verb mode for urls, etc.
)
LaTeX Info: Redefining \url on input line 5115.
\XeTeXLinkMargin=\dimen110
\Fld@menulength=\count100
\Field@Width=\dimen111
\Fld@charsize=\dimen112
Package hyperref Info: Hyper figures OFF on input line 6369.
Package hyperref Info: Link nesting OFF on input line 6374.
Package hyperref Info: Hyper index ON on input line 6377.
Package hyperref Info: backreferencing OFF on input line 6384.
Package hyperref Info: Link coloring OFF on input line 6389.
Package hyperref Info: Link coloring with OCG OFF on input line 6394.
Package hyperref Info: PDF/A mode OFF on input line 6399.
LaTeX Info: Redefining \ref on input line 6439.
LaTeX Info: Redefining \pageref on input line 6443.
\Hy@abspage=\count101
\c@Item=\count102
\c@Hfootnote=\count103
)
Package hyperref Info: Driver (autodetected): hpdftex.

("C:\Users\mihir\AppData\Local\Programs\MiKTeX 2.9\tex\latex\hyperref\hpdftex.d
ef"
File: hpdftex.def 2018/02/06 v6.86b Hyperref driver for pdfTeX
\Fld@listcount=\count104
\c@bookmark@seq@number=\count105

("C:\Users\mihir\AppData\Local\Programs\MiKTeX 2.9\tex\latex\oberdiek\rerunfile
check.sty"
Package: rerunfilecheck 2016/05/16 v1.8 Rerun checks for auxiliary files (HO)
Package uniquecounter Info: New unique counter `rerunfilecheck' on input line 2
82.
)
\Hy@SectionHShift=\skip43
) (see_report_new.aux

LaTeX Warning: Label `fig:sub1' multiply defined.


LaTeX Warning: Label `fig:sub1' multiply defined.


LaTeX Warning: Label `fig:sub1' multiply defined.


LaTeX Warning: Label `fig:sub1' multiply defined.

)
\openout1 = `see_report_new.aux'.

LaTeX Font Info:    Checking defaults for OML/cmm/m/it on input line 9.
LaTeX Font Info:    ... okay on input line 9.
LaTeX Font Info:    Checking defaults for T1/cmr/m/n on input line 9.
LaTeX Font Info:    ... okay on input line 9.
LaTeX Font Info:    Checking defaults for OT1/cmr/m/n on input line 9.
LaTeX Font Info:    ... okay on input line 9.
LaTeX Font Info:    Checking defaults for OMS/cmsy/m/n on input line 9.
LaTeX Font Info:    ... okay on input line 9.
LaTeX Font Info:    Checking defaults for OMX/cmex/m/n on input line 9.
LaTeX Font Info:    ... okay on input line 9.
LaTeX Font Info:    Checking defaults for U/cmr/m/n on input line 9.
LaTeX Font Info:    ... okay on input line 9.
LaTeX Font Info:    Checking defaults for PD1/pdf/m/n on input line 9.
LaTeX Font Info:    ... okay on input line 9.

("C:\Users\mihir\AppData\Local\Programs\MiKTeX 2.9\tex\context\base\supp-pdf.mk
ii"
[Loading MPS to PDF converter (version 2006.09.02).]
\scratchcounter=\count106
\scratchdimen=\dimen113
\scratchbox=\box30
\nofMPsegments=\count107
\nofMParguments=\count108
\everyMPshowfont=\toks18
\MPscratchCnt=\count109
\MPscratchDim=\dimen114
\MPnumerator=\count110
\makeMPintoPDFobject=\count111
\everyMPtoPDFconversion=\toks19
)
("C:\Users\mihir\AppData\Local\Programs\MiKTeX 2.9\tex\latex\oberdiek\epstopdf-
base.sty"
Package: epstopdf-base 2016/05/15 v2.6 Base part for package epstopdf

("C:\Users\mihir\AppData\Local\Programs\MiKTeX 2.9\tex\latex\oberdiek\grfext.st
y"
Package: grfext 2016/05/16 v1.2 Manage graphics extensions (HO)
)
Package epstopdf-base Info: Redefining graphics rule for `.eps' on input line 4
38.
Package grfext Info: Graphics extension search list:
(grfext)             [.pdf,.png,.jpg,.mps,.jpeg,.jbig2,.jb2,.PDF,.PNG,.JPG,.JPE
G,.JBIG2,.JB2,.eps]
(grfext)             \AppendGraphicsExtensions on input line 456.
)
\c@lstlisting=\count112
\AtBeginShipoutBox=\box31
Package hyperref Info: Link coloring OFF on input line 9.

("C:\Users\mihir\AppData\Local\Programs\MiKTeX 2.9\tex\latex\hyperref\nameref.s
ty"
Package: nameref 2016/05/21 v2.44 Cross-referencing by name of section

("C:\Users\mihir\AppData\Local\Programs\MiKTeX 2.9\tex\generic\oberdiek\gettitl
estring.sty"
Package: gettitlestring 2016/05/16 v1.5 Cleanup title references (HO)
)
\c@section@level=\count113
)
LaTeX Info: Redefining \ref on input line 9.
LaTeX Info: Redefining \pageref on input line 9.
LaTeX Info: Redefining \nameref on input line 9.
 (see_report_new.out) (see_report_new.out)
\@outlinefile=\write3
\openout3 = `see_report_new.out'.

LaTeX Font Info:    External font `cmex10' loaded for size
(Font)              <12> on input line 14.
LaTeX Font Info:    External font `cmex10' loaded for size
(Font)              <8> on input line 14.
LaTeX Font Info:    External font `cmex10' loaded for size
(Font)              <6> on input line 14.
 [1

{C:/Users/mihir/AppData/Local/MiKTeX/2.9/pdftex/config/pdftex.map}] (see_report
_new.toc
LaTeX Font Info:    External font `cmex10' loaded for size
(Font)              <10.95> on input line 2.
)
\tf@toc=\write4
\openout4 = `see_report_new.toc'.

 [2]
(see_report_new.lof)
\tf@lof=\write5
\openout5 = `see_report_new.lof'.

 [3]
LaTeX Font Info:    Try loading font information for OMS+cmr on input line 24.

("C:\Users\mihir\AppData\Local\Programs\MiKTeX 2.9\tex\latex\base\omscmr.fd"
File: omscmr.fd 2014/09/29 v2.5h Standard LaTeX font definitions
)
LaTeX Font Info:    Font shape `OMS/cmr/m/n' in size <10.95> not available
(Font)              Font shape `OMS/cmsy/m/n' tried instead on input line 24.
<../scientific-experimentation-evaluation/1.jpg, id=137, 1284.8pt x 963.6pt>
File: ../scientific-experimentation-evaluation/1.jpg Graphic file (type jpg)
<use ../scientific-experimentation-evaluation/1.jpg>
Package pdftex.def Info: ../scientific-experimentation-evaluation/1.jpg  used o
n input line 35.
(pdftex.def)             Requested size: 288.0011pt x 215.99196pt.
<../scientific-experimentation-evaluation/isometric.jpg, id=138, 963.6pt x 1284
.8pt>
File: ../scientific-experimentation-evaluation/isometric.jpg Graphic file (type
 jpg)
<use ../scientific-experimentation-evaluation/isometric.jpg>
Package pdftex.def Info: ../scientific-experimentation-evaluation/isometric.jpg
  used on input line 43.
(pdftex.def)             Requested size: 288.0011pt x 383.99225pt.

[4 <../scientific-experimentation-evaluation/1.jpg>]
<../scientific-experimentation-evaluation/Top.jpg, id=145, 963.6pt x 1284.8pt>
File: ../scientific-experimentation-evaluation/Top.jpg Graphic file (type jpg)
<use ../scientific-experimentation-evaluation/Top.jpg>
Package pdftex.def Info: ../scientific-experimentation-evaluation/Top.jpg  used
 on input line 51.
(pdftex.def)             Requested size: 288.0011pt x 383.99225pt.
 [5 <../scientific-experimentation-evaluation/isometric.jpg>]
<../scientific-experimentation-evaluation/front.jpg, id=150, 963.6pt x 1284.8pt
>
File: ../scientific-experimentation-evaluation/front.jpg Graphic file (type jpg
)
<use ../scientific-experimentation-evaluation/front.jpg>
Package pdftex.def Info: ../scientific-experimentation-evaluation/front.jpg  us
ed on input line 59.
(pdftex.def)             Requested size: 288.0011pt x 383.99225pt.
 [6 <../scientific-experimentation-evaluation/Top.jpg>] [7 <../scientific-exper
imentation-evaluation/front.jpg>] [8]
Overfull \hbox (7.12837pt too wide) in paragraph at lines 98--99
\OT1/cmr/m/n/10.95 pre-ci-sion won't be af-fected sig-nif-i-cantly, since the D
UT won't be changed
 []

[9]
<../scientific-experimentation-evaluation/Straight.png, id=172, 578.16pt x 578.
16pt>
File: ../scientific-experimentation-evaluation/Straight.png Graphic file (type 
png)
<use ../scientific-experimentation-evaluation/Straight.png>
Package pdftex.def Info: ../scientific-experimentation-evaluation/Straight.png 
 used on input line 119.
(pdftex.def)             Requested size: 431.9989pt x 431.99568pt.

Overfull \hbox (71.9989pt too wide) in paragraph at lines 119--121
 [][] 
 []

[10 <../scientific-experimentation-evaluation/Straight.png>]
<../scientific-experimentation-evaluation/straightG.png, id=179, 431.6125pt x 4
25.59pt>
File: ../scientific-experimentation-evaluation/straightG.png Graphic file (type
 png)
<use ../scientific-experimentation-evaluation/straightG.png>
Package pdftex.def Info: ../scientific-experimentation-evaluation/straightG.png
  used on input line 128.
(pdftex.def)             Requested size: 288.0011pt x 283.98788pt.
<../scientific-experimentation-evaluation/right_i.png, id=180, 578.16pt x 578.1
6pt>
File: ../scientific-experimentation-evaluation/right_i.png Graphic file (type p
ng)
<use ../scientific-experimentation-evaluation/right_i.png>
Package pdftex.def Info: ../scientific-experimentation-evaluation/right_i.png  
used on input line 150.
(pdftex.def)             Requested size: 431.9989pt x 431.99568pt.

Overfull \hbox (71.9989pt too wide) in paragraph at lines 150--152
 [][] 
 []

[11 <../scientific-experimentation-evaluation/straightG.png>]
<../scientific-experimentation-evaluation/rightG.png, id=186, 431.6125pt x 425.
59pt>
File: ../scientific-experimentation-evaluation/rightG.png Graphic file (type pn
g)
<use ../scientific-experimentation-evaluation/rightG.png>
Package pdftex.def Info: ../scientific-experimentation-evaluation/rightG.png  u
sed on input line 157.
(pdftex.def)             Requested size: 288.0011pt x 283.98788pt.
 [12 <../scientific-experimentation-evaluation/right_i.png>]
<../scientific-experimentation-evaluation/left_i.png, id=192, 578.16pt x 578.16
pt>
File: ../scientific-experimentation-evaluation/left_i.png Graphic file (type pn
g)
<use ../scientific-experimentation-evaluation/left_i.png>
Package pdftex.def Info: ../scientific-experimentation-evaluation/left_i.png  u
sed on input line 184.
(pdftex.def)             Requested size: 431.9989pt x 431.99568pt.

Overfull \hbox (71.9989pt too wide) in paragraph at lines 184--186
 [][] 
 []

[13 <../scientific-experimentation-evaluation/rightG.png>]
<../scientific-experimentation-evaluation/leftG.png, id=199, 431.6125pt x 425.5
9pt>
File: ../scientific-experimentation-evaluation/leftG.png Graphic file (type png
)
<use ../scientific-experimentation-evaluation/leftG.png>
Package pdftex.def Info: ../scientific-experimentation-evaluation/leftG.png  us
ed on input line 191.
(pdftex.def)             Requested size: 360.0pt x 354.98648pt.
 [14 <../scientific-experimentation-evaluation/left_i.png>]
<../scientific-experimentation-evaluation/boxplot-x.png, id=205, 387.4475pt x 2
52.945pt>
File: ../scientific-experimentation-evaluation/boxplot-x.png Graphic file (type
 png)
<use ../scientific-experimentation-evaluation/boxplot-x.png>
Package pdftex.def Info: ../scientific-experimentation-evaluation/boxplot-x.png
  used on input line 231.
(pdftex.def)             Requested size: 360.0pt x 235.028pt.
 [15 <../scientific-experimentation-evaluation/leftG.png>]
<../scientific-experimentation-evaluation/boxplot-y.png, id=211, 387.4475pt x 2
52.945pt>
File: ../scientific-experimentation-evaluation/boxplot-y.png Graphic file (type
 png)
<use ../scientific-experimentation-evaluation/boxplot-y.png>
Package pdftex.def Info: ../scientific-experimentation-evaluation/boxplot-y.png
  used on input line 238.
(pdftex.def)             Requested size: 360.0pt x 235.028pt.

("C:\Users\mihir\AppData\Local\Programs\MiKTeX 2.9\tex\latex\listings\lstlang1.
sty"
File: lstlang1.sty 2015/06/04 1.6 listings language file
) [16 <../scientific-experimentation-evaluation/boxplot-x.png> <../scientific-e
xperimentation-evaluation/boxplot-y.png>]
Overfull \hbox (55.0091pt too wide) in paragraph at lines 248--249
[][][][][][][][][][][][][][][][][][][][] 
 []

LaTeX Font Info:    Try loading font information for OML+cmr on input line 249.

("C:\Users\mihir\AppData\Local\Programs\MiKTeX 2.9\tex\latex\base\omlcmr.fd"
File: omlcmr.fd 2014/09/29 v2.5h Standard LaTeX font definitions
)
LaTeX Font Info:    Font shape `OML/cmr/m/n' in size <10.95> not available
(Font)              Font shape `OML/cmm/m/it' tried instead on input line 249.

Overfull \hbox (114.13971pt too wide) in paragraph at lines 250--251
[][][][][][][][][][][][][][][][][][][][] 
 []


Overfull \hbox (133.84991pt too wide) in paragraph at lines 252--254
[][][][][][][][][][][][][][][][][][][][] 
 []


Overfull \hbox (114.13971pt too wide) in paragraph at lines 259--260
[][][][][][][][][][][][][][][][][][][][] 
 []


Overfull \hbox (133.84991pt too wide) in paragraph at lines 261--262
[][][][][][][][][][][][][][][][][][][][] 
 []


Overfull \hbox (114.13971pt too wide) in paragraph at lines 267--268
[][][][][][][][][][][][][][][][][][][][] 
 []


Overfull \hbox (133.84991pt too wide) in paragraph at lines 269--270
[][][][][][][][][][][][][][][][][][][][] 
 []

[17]
<../scientific-experimentation-evaluation/screenshot.jpg, id=249, 722.7pt x 113
1.22626pt>
File: ../scientific-experimentation-evaluation/screenshot.jpg Graphic file (typ
e jpg)
<use ../scientific-experimentation-evaluation/screenshot.jpg>
Package pdftex.def Info: ../scientific-experimentation-evaluation/screenshot.jp
g  used on input line 310.
(pdftex.def)             Requested size: 143.9978pt x 225.39545pt.
 [18]
<../scientific-experimentation-evaluation/measure.jpg, id=255, 920.43875pt x 81
4.04124pt>
File: ../scientific-experimentation-evaluation/measure.jpg Graphic file (type j
pg)
<use ../scientific-experimentation-evaluation/measure.jpg>
Package pdftex.def Info: ../scientific-experimentation-evaluation/measure.jpg  
used on input line 317.
(pdftex.def)             Requested size: 251.9989pt x 222.86212pt.
Package atveryend Info: Empty hook `BeforeClearDocument' on input line 323.
 [19 <../scientific-experimentation-evaluation/screenshot.jpg> <../scientific-e
xperimentation-evaluation/measure.jpg>]
Package atveryend Info: Empty hook `AfterLastShipout' on input line 323.
 (see_report_new.aux)
Package atveryend Info: Executing hook `AtVeryEndDocument' on input line 323.
Package atveryend Info: Executing hook `AtEndAfterFileList' on input line 323.
Package rerunfilecheck Info: File `see_report_new.out' has not changed.
(rerunfilecheck)             Checksum: 8278DD4E75D028C5A0B10A358A952F3F;1074.


LaTeX Warning: There were multiply-defined labels.

Package atveryend Info: Empty hook `AtVeryVeryEnd' on input line 323.
 ) 
Here is how much of TeX's memory you used:
 6713 strings out of 493305
 103131 string characters out of 3129803
 218414 words of memory out of 3000000
 10122 multiletter control sequences out of 15000+200000
 9632 words of font info for 34 fonts, out of 3000000 for 9000
 1141 hyphenation exceptions out of 8191
 28i,7n,42p,394b,1362s stack positions out of 5000i,500n,10000p,200000b,50000s
<C:/Users/mihir/AppData/Local/Programs/MiKTeX 2.9/fonts/type1/public/amsfonts
/cm/cmbx10.pfb><C:/Users/mihir/AppData/Local/Programs/MiKTeX 2.9/fonts/type1/pu
blic/amsfonts/cm/cmbx12.pfb><C:/Users/mihir/AppData/Local/Programs/MiKTeX 2.9/f
onts/type1/public/amsfonts/cm/cmmi10.pfb><C:/Users/mihir/AppData/Local/Programs
/MiKTeX 2.9/fonts/type1/public/amsfonts/cm/cmmi8.pfb><C:/Users/mihir/AppData/Lo
cal/Programs/MiKTeX 2.9/fonts/type1/public/amsfonts/cm/cmr10.pfb><C:/Users/mihi
r/AppData/Local/Programs/MiKTeX 2.9/fonts/type1/public/amsfonts/cm/cmr12.pfb><C
:/Users/mihir/AppData/Local/Programs/MiKTeX 2.9/fonts/type1/public/amsfonts/cm/
cmr8.pfb><C:/Users/mihir/AppData/Local/Programs/MiKTeX 2.9/fonts/type1/public/a
msfonts/cm/cmsy10.pfb><C:/Users/mihir/AppData/Local/Programs/MiKTeX 2.9/fonts/t
ype1/public/amsfonts/cm/cmsy8.pfb><C:/Users/mihir/AppData/Local/Programs/MiKTeX
 2.9/fonts/type1/public/amsfonts/cm/cmti10.pfb><C:/Users/mihir/AppData/Local/Pr
ograms/MiKTeX 2.9/fonts/type1/public/amsfonts/cm/cmtt10.pfb>
Output written on see_report_new.pdf (19 pages, 772076 bytes).
PDF statistics:
 316 PDF objects out of 1000 (max. 8388607)
 79 named destinations out of 1000 (max. 500000)
 207 words of extra memory for PDF output out of 10000 (max. 10000000)

